<?xml version="1.0" encoding="UTF-8"?>
<testsuite xmlns:xsi="http://www.w3.org/2001/XMLSchema-instance" xsi:noNamespaceSchemaLocation="https://maven.apache.org/surefire/maven-surefire-plugin/xsd/surefire-test-report-3.0.xsd" version="3.0" name="com.scm.contactmanger.ContactmangerApplicationTests" time="2.998" tests="1" errors="0" skipped="0" failures="0">
  <properties>
[...]
</properties>
  <testcase name="contextLoads" classname="com.scm.contactmanger.ContactmangerApplicationTests" time="0.528">
    <system-out><![CDATA[15:15:10.095 [main] INFO org.springframework.test.context.support.AnnotationConfigContextLoaderUtils -- Could not detect default configuration classes for test class [com.scm.contactmanger.ContactmangerApplicationTests]: ContactmangerApplicationTests does not declare any static, non-private, non-final, nested classes annotated with @Configuration.
15:15:10.158 [main] INFO org.springframework.boot.test.context.SpringBootTestContextBootstrapper -- Found @SpringBootConfiguration com.scm.contactmanger.ContactmangerApplication for test class com.scm.contactmanger.ContactmangerApplicationTests
15:15:10.253 [main] INFO org.springframework.boot.devtools.restart.RestartApplicationListener -- Restart disabled due to context in which it is running

  .   ____          _            __ _ _
 /\\ / ___'_ __ _ _(_)_ __  __ _ \ \ \ \
( ( )\___ | '_ | '_| | '_ \/ _` | \ \ \ \
 \\/  ___)| |_)| | | | | || (_| |  ) ) ) )
  '  |____| .__|_| |_|_| |_\__, | / / / /
 =========|_|==============|___/=/_/_/_/
 :: Spring Boot ::               (v3.2.10)

2024-10-15T15:15:10.445+05:30  INFO 75554 --- [contactmanger] [           main] c.s.c.ContactmangerApplicationTests      : Starting ContactmangerApplicationTests using Java 22.0.1 with PID 75554 (started by smarth in /Users/smarth/Desktop/contactmanger)
2024-10-15T15:15:10.446+05:30  INFO 75554 --- [contactmanger] [           main] c.s.c.ContactmangerApplicationTests      : No active profile set, falling back to 1 default profile: "default"
2024-10-15T15:15:10.915+05:30  INFO 75554 --- [contactmanger] [           main] .s.d.r.c.RepositoryConfigurationDelegate : Bootstrapping Spring Data JPA repositories in DEFAULT mode.
2024-10-15T15:15:10.932+05:30  INFO 75554 --- [contactmanger] [           main] .s.d.r.c.RepositoryConfigurationDelegate : Finished Spring Data repository scanning in 10 ms. Found 0 JPA repository interfaces.
2024-10-15T15:15:11.219+05:30  INFO 75554 --- [contactmanger] [           main] com.zaxxer.hikari.HikariDataSource       : HikariPool-1 - Starting...
2024-10-15T15:15:11.491+05:30  INFO 75554 --- [contactmanger] [           main] com.zaxxer.hikari.pool.HikariPool        : HikariPool-1 - Added connection com.mysql.cj.jdbc.ConnectionImpl@50fdf44f
2024-10-15T15:15:11.492+05:30  INFO 75554 --- [contactmanger] [           main] com.zaxxer.hikari.HikariDataSource       : HikariPool-1 - Start completed.
2024-10-15T15:15:11.522+05:30  INFO 75554 --- [contactmanger] [           main] o.hibernate.jpa.internal.util.LogHelper  : HHH000204: Processing PersistenceUnitInfo [name: default]
2024-10-15T15:15:11.557+05:30  INFO 75554 --- [contactmanger] [           main] org.hibernate.Version                    : HHH000412: Hibernate ORM core version 6.4.10.Final
2024-10-15T15:15:11.578+05:30  INFO 75554 --- [contactmanger] [           main] o.h.c.internal.RegionFactoryInitiator    : HHH000026: Second-level cache disabled
2024-10-15T15:15:11.723+05:30  INFO 75554 --- [contactmanger] [           main] o.s.o.j.p.SpringPersistenceUnitInfo      : No LoadTimeWeaver setup: ignoring JPA class transformer
2024-10-15T15:15:12.010+05:30  INFO 75554 --- [contactmanger] [           main] o.h.e.t.j.p.i.JtaPlatformInitiator       : HHH000489: No JTA platform available (set 'hibernate.transaction.jta.platform' to enable JTA platform integration)
2024-10-15T15:15:12.013+05:30  INFO 75554 --- [contactmanger] [           main] j.LocalContainerEntityManagerFactoryBean : Initialized JPA EntityManagerFactory for persistence unit 'default'
2024-10-15T15:15:12.134+05:30  WARN 75554 --- [contactmanger] [           main] JpaBaseConfiguration$JpaWebConfiguration : spring.jpa.open-in-view is enabled by default. Therefore, database queries may be performed during view rendering. Explicitly configure spring.jpa.open-in-view to disable this warning
2024-10-15T15:15:12.431+05:30  INFO 75554 --- [contactmanger] [           main] c.s.c.ContactmangerApplicationTests      : Started ContactmangerApplicationTests in 2.185 seconds (process running for 2.786)
]]></system-out>
    <system-err><![CDATA[WARNING: A Java agent has been loaded dynamically (/Users/smarth/.m2/repository/net/bytebuddy/byte-buddy-agent/1.14.19/byte-buddy-agent-1.14.19.jar)
WARNING: If a serviceability tool is in use, please run with -XX:+EnableDynamicAgentLoading to hide this warning
WARNING: If a serviceability tool is not in use, please run with -Djdk.instrument.traceUsage for more information
WARNING: Dynamic loading of agents will be disallowed by default in a future release
]]></system-err>
  </testcase>
</testsuite>